<?xml version='1.0' encoding='UTF-8' ?>
<testsuite name="com.example.rupizza.ExampleInstrumentedTest" tests="1" failures="0" errors="0" skipped="0" time="0.773" timestamp="2023-12-09T04:57:33" hostname="localhost">
  <properties>
    <property name="device" value="Pixel_3a_API_34_extension_level_7_arm64-v8a(AVD) - 14" />
    <property name="flavor" value="" />
    <property name="project" value=":app" />
  </properties>
  <testcase name="useAppContext" classname="com.example.rupizza.ExampleInstrumentedTest" time="0.005" />
</testsuite>